taskerwidget_plugin/build/outputs/logs/manifest-merger-debug-report.txt
-- Merging decision tree log ---
manifest
ADDED from src\main\AndroidManifest.xml:21:1-63:12
	package
		ADDED from src\main\AndroidManifest.xml:23:5-54
		INJECTED from src\main\AndroidManifest.xml
		INJECTED from src\main\AndroidManifest.xml
	android:versionName
		ADDED from src\main\AndroidManifest.xml:26:5-30
		INJECTED from src\main\AndroidManifest.xml
		INJECTED from src\main\AndroidManifest.xml
	xmlns:tools
		ADDED from src\main\AndroidManifest.xml:22:5-51
	android:versionCode
		ADDED from src\main\AndroidManifest.xml:25:5-31
		INJECTED from src\main\AndroidManifest.xml
		INJECTED from src\main\AndroidManifest.xml
	xmlns:android
		ADDED from src\main\AndroidManifest.xml:21:11-69
	android:installLocation
		ADDED from src\main\AndroidManifest.xml:24:5-43
uses-sdk
ADDED from src\main\AndroidManifest.xml:29:5-31:41
MERGED from [TaskerWidget:localeapi:unspecified] AndroidManifest.xml:5:5-7:41
	android:targetSdkVersion
		ADDED from src\main\AndroidManifest.xml:31:9-38
		INJECTED from src\main\AndroidManifest.xml
		INJECTED from src\main\AndroidManifest.xml
	android:minSdkVersion
		ADDED from src\main\AndroidManifest.xml:30:9-34
		INJECTED from src\main\AndroidManifest.xml
		INJECTED from src\main\AndroidManifest.xml
uses-feature#android.hardware.touchscreen
ADDED from src\main\AndroidManifest.xml:34:5-36:36
MERGED from [TaskerWidget:localeapi:unspecified] AndroidManifest.xml:9:5-11:36
	android:required
		ADDED from src\main\AndroidManifest.xml:36:9-33
	android:name
		ADDED from src\main\AndroidManifest.xml:35:9-52
supports-screens
ADDED from src\main\AndroidManifest.xml:39:5-44:40
	android:largeScreens
		ADDED from src\main\AndroidManifest.xml:41:9-36
	android:smallScreens
		ADDED from src\main\AndroidManifest.xml:43:9-36
	android:normalScreens
		ADDED from src\main\AndroidManifest.xml:42:9-37
	android:xlargeScreens
		ADDED from src\main\AndroidManifest.xml:44:9-37
	android:anyDensity
		ADDED from src\main\AndroidManifest.xml:40:9-34
application
ADDED from src\main\AndroidManifest.xml:47:5-61:19
	android:label
		ADDED from src\main\AndroidManifest.xml:52:9-41
	android:hardwareAccelerated
		ADDED from src\main\AndroidManifest.xml:50:9-43
	android:uiOptions
		ADDED from src\main\AndroidManifest.xml:54:9-53
	android:allowBackup
		ADDED from src\main\AndroidManifest.xml:49:9-35
	android:icon
		ADDED from src\main\AndroidManifest.xml:51:9-45
	android:theme
		ADDED from src\main\AndroidManifest.xml:53:9-49
	android:name
		ADDED from src\main\AndroidManifest.xml:48:9-73